[debug] [2023-01-29T02:13:36.344Z] ----------------------------------------------------------------------
[debug] [2023-01-29T02:13:36.346Z] Command:       /usr/local/bin/node /usr/local/bin/firebase init
[debug] [2023-01-29T02:13:36.346Z] CLI Version:   11.21.0
[debug] [2023-01-29T02:13:36.346Z] Platform:      darwin
[debug] [2023-01-29T02:13:36.346Z] Node Version:  v19.5.0
[debug] [2023-01-29T02:13:36.347Z] Time:          Sat Jan 28 2023 21:13:36 GMT-0500 (Eastern Standard Time)
[debug] [2023-01-29T02:13:36.347Z] ----------------------------------------------------------------------
[debug] 
[debug] [2023-01-29T02:13:36.351Z] > command requires scopes: ["email","openid","https://www.googleapis.com/auth/cloudplatformprojects.readonly","https://www.googleapis.com/auth/firebase","https://www.googleapis.com/auth/cloud-platform"]
[debug] [2023-01-29T02:13:36.351Z] > authorizing via signed-in user (karenkuo0501@gmail.com)
[info] 
     ######## #### ########  ######## ########     ###     ######  ########
     ##        ##  ##     ## ##       ##     ##  ##   ##  ##       ##
     ######    ##  ########  ######   ########  #########  ######  ######
     ##        ##  ##    ##  ##       ##     ## ##     ##       ## ##
     ##       #### ##     ## ######## ########  ##     ##  ######  ########

You're about to initialize a Firebase project in this directory:

  /Users/karenkuo/file/Spring 2023/jose/kuomaje

[info] 
=== Project Setup
[info] 
[info] First, let's associate this project directory with a Firebase project.
[info] You can create multiple project aliases by running firebase use --add, 
[info] but for now we'll just set up a default project.
[info] 
[debug] [2023-01-29T02:14:17.554Z] >>> [apiv2][query] GET https://firebase.googleapis.com/v1beta1/projects pageSize=100
[debug] [2023-01-29T02:14:18.044Z] <<< [apiv2][status] GET https://firebase.googleapis.com/v1beta1/projects 200
[debug] [2023-01-29T02:14:18.044Z] <<< [apiv2][body] GET https://firebase.googleapis.com/v1beta1/projects [omitted]
[info] i  Using project kuomaje-5bbd3 (kuomaje) 
[info] 
=== Hosting Setup
[info] 
[info] Your public directory is the folder (relative to your project directory) that
[info] will contain Hosting assets to be uploaded with firebase deploy. If you
[info] have a build process for your assets, use your build's output directory.
[info] 
